1610598269114	geckodriver	INFO	Listening on 127.0.0.1:50060
1610598272221	mozrunner::runner	INFO	Running command: "C:\\Program Files\\Mozilla Firefox\\firefox.exe" "--marionette" "-foreground" "-no-remote" "-profile" "C:\\Users\\taeji\\AppData\\Local\\Temp\\rust_mozprofile04KIWf"
Can't find symbol 'eglSwapBuffersWithDamageEXT'.
Can't find symbol 'eglSetDamageRegionKHR'.
console.warn: SearchSettings: "get: No settings file exists, new profile?" (new Error("", "(unknown module)"))
1610598274829	Marionette	INFO	Listening on port 50069
1610598274945	Marionette	WARN	TLS certificate errors will be ignored for this session
JavaScript error: , line 0: NotFoundError: No such JSWindowActor 'MarionetteEvents'
Can't find symbol 'eglSwapBuffersWithDamageEXT'.
Can't find symbol 'eglSetDamageRegionKHR'.
1610598297792	Marionette	INFO	Stopped listening on port 50069

###!!! [Child][RunMessage] Error: Channel closing: too late to send/recv, messages will be lost

1610598300561	geckodriver	INFO	Listening on 127.0.0.1:50184
1610598303644	mozrunner::runner	INFO	Running command: "C:\\Program Files\\Mozilla Firefox\\firefox.exe" "--marionette" "-foreground" "-no-remote" "-profile" "C:\\Users\\taeji\\AppData\\Local\\Temp\\rust_mozprofileA4lvjG"
Can't find symbol 'eglSwapBuffersWithDamageEXT'.
Can't find symbol 'eglSetDamageRegionKHR'.
console.warn: SearchSettings: "get: No settings file exists, new profile?" (new Error("", "(unknown module)"))
1610598305454	Marionette	INFO	Listening on port 50192
1610598305699	Marionette	WARN	TLS certificate errors will be ignored for this session
1610598389097	Marionette	INFO	Stopped listening on port 50192

###!!! [Child][RunMessage] Error: Channel closing: too late to send/recv, messages will be lost

1610598593737	geckodriver	INFO	Listening on 127.0.0.1:50284
1610598596826	mozrunner::runner	INFO	Running command: "C:\\Program Files\\Mozilla Firefox\\firefox.exe" "--marionette" "-foreground" "-no-remote" "-profile" "C:\\Users\\taeji\\AppData\\Local\\Temp\\rust_mozprofilemthosc"
Can't find symbol 'eglSwapBuffersWithDamageEXT'.
Can't find symbol 'eglSetDamageRegionKHR'.
console.warn: SearchSettings: "get: No settings file exists, new profile?" (new Error("", "(unknown module)"))
1610598598900	Marionette	INFO	Listening on port 50292
1610598599012	Marionette	WARN	TLS certificate errors will be ignored for this session
JavaScript error: , line 0: NotFoundError: No such JSWindowActor 'MarionetteEvents'
Can't find symbol 'eglSwapBuffersWithDamageEXT'.
Can't find symbol 'eglSetDamageRegionKHR'.
1610598613625	Marionette	INFO	Stopped listening on port 50292

###!!! [Child][RunMessage] Error: Channel closing: too late to send/recv, messages will be lost

1610598627359	geckodriver	INFO	Listening on 127.0.0.1:50408
1610598630458	mozrunner::runner	INFO	Running command: "C:\\Program Files\\Mozilla Firefox\\firefox.exe" "--marionette" "-foreground" "-no-remote" "-profile" "C:\\Users\\taeji\\AppData\\Local\\Temp\\rust_mozprofilev26dBR"
Can't find symbol 'eglSwapBuffersWithDamageEXT'.
Can't find symbol 'eglSetDamageRegionKHR'.
console.warn: SearchSettings: "get: No settings file exists, new profile?" (new Error("", "(unknown module)"))
1610598632462	Marionette	INFO	Listening on port 50417
1610598632509	Marionette	WARN	TLS certificate errors will be ignored for this session
JavaScript error: , line 0: NotFoundError: No such JSWindowActor 'MarionetteEvents'
Can't find symbol 'eglSwapBuffersWithDamageEXT'.
Can't find symbol 'eglSetDamageRegionKHR'.
1610598645043	Marionette	INFO	Stopped listening on port 50417

###!!! [Child][RunMessage] Error: Channel closing: too late to send/recv, messages will be lost

1610598658436	geckodriver	INFO	Listening on 127.0.0.1:50532
1610598661508	mozrunner::runner	INFO	Running command: "C:\\Program Files\\Mozilla Firefox\\firefox.exe" "--marionette" "-foreground" "-no-remote" "-profile" "C:\\Users\\taeji\\AppData\\Local\\Temp\\rust_mozprofileW0VPgh"
Can't find symbol 'eglSwapBuffersWithDamageEXT'.
Can't find symbol 'eglSetDamageRegionKHR'.
console.warn: SearchSettings: "get: No settings file exists, new profile?" (new Error("", "(unknown module)"))
1610598663702	Marionette	INFO	Listening on port 50540
1610598664155	Marionette	WARN	TLS certificate errors will be ignored for this session
JavaScript error: , line 0: NotFoundError: No such JSWindowActor 'MarionetteEvents'
Can't find symbol 'eglSwapBuffersWithDamageEXT'.
Can't find symbol 'eglSetDamageRegionKHR'.
